{"url":"/courses","level":"info","message":"request at /courses","timestamp":"2016-02-04T13:01:51.259Z"}
{"url":"/courses","level":"info","message":"request at /courses","timestamp":"2016-02-04T13:01:58.404Z"}
{"url":"/courses","level":"info","message":"request at /courses","timestamp":"2016-02-04T13:21:12.229Z"}
{"url":"courses","page":"pCourse.js","components":["cCourses.jsx","cCoursesLeftNav.jsx"],"level":"info","message":"PCourses:getCoursesScreenNew()","timestamp":"2016-02-04T13:21:17.196Z"}
{"url":"/courses","level":"info","message":"request at /courses","timestamp":"2016-02-04T13:21:18.912Z"}
{"url":"courses","page":"pCourse.js","components":["cCourses.jsx","cCoursesLeftNav.jsx"],"level":"info","message":"PCourses:getCoursesScreenNew()","timestamp":"2016-02-04T13:21:18.926Z"}
{"url":"/courses","level":"info","message":"request at /courses","timestamp":"2016-02-04T13:24:49.912Z"}
{"url":"courses","page":"pCourse.js","components":["cCourses.jsx","cCoursesLeftNav.jsx"],"level":"info","message":"PCourses:getCoursesScreenNew()","timestamp":"2016-02-04T13:24:49.928Z"}
{"url":"/courses","level":"info","message":"request at /courses","timestamp":"2016-02-04T13:24:52.139Z"}
{"url":"courses","page":"pCourse.js","components":["cCourses.jsx","cCoursesLeftNav.jsx"],"level":"info","message":"PCourses:getCoursesScreenNew()","timestamp":"2016-02-04T13:24:52.145Z"}
{"url":"/courses","level":"info","message":"request at /courses","timestamp":"2016-02-04T14:10:46.694Z"}
{"url":"courses","page":"pCourse.js","components":["cCourses.jsx","cCoursesLeftNav.jsx"],"level":"info","message":"PCourses:getCoursesScreenNew()","timestamp":"2016-02-04T14:10:46.712Z"}
{"url":"/courses","level":"info","message":"request at /courses","timestamp":"2016-02-04T14:10:48.370Z"}
{"url":"courses","page":"pCourse.js","components":["cCourses.jsx","cCoursesLeftNav.jsx"],"level":"info","message":"PCourses:getCoursesScreenNew()","timestamp":"2016-02-04T14:10:48.376Z"}
{"url":"/courses","level":"info","message":"request at /courses","timestamp":"2016-02-05T09:05:43.586Z"}
{"url":"courses","page":"pCourse.js","components":["cCourses.jsx","cCoursesLeftNav.jsx"],"level":"info","message":"PCourses:getCoursesScreenNew()","timestamp":"2016-02-05T09:05:57.480Z"}
{"url":"/courses","level":"info","message":"request at /courses","timestamp":"2016-02-05T09:06:00.538Z"}
{"url":"courses","page":"pCourse.js","components":["cCourses.jsx","cCoursesLeftNav.jsx"],"level":"info","message":"PCourses:getCoursesScreenNew()","timestamp":"2016-02-05T09:06:00.552Z"}
{"url":"/courses","level":"info","message":"request at /courses","timestamp":"2016-02-05T09:10:15.709Z"}
{"url":"courses","page":"pCourse.js","components":["cCourses.jsx","cCoursesLeftNav.jsx"],"level":"info","message":"PCourses:getCoursesScreenNew()","timestamp":"2016-02-05T09:10:20.444Z"}
{"url":"/courses","level":"info","message":"request at /courses","timestamp":"2016-02-05T09:10:31.702Z"}
{"url":"courses","page":"pCourse.js","components":["cCourses.jsx","cCoursesLeftNav.jsx"],"level":"info","message":"PCourses:getCoursesScreenNew()","timestamp":"2016-02-05T09:10:31.722Z"}
{"url":"/courses","level":"info","message":"request at /courses","timestamp":"2016-02-05T09:11:59.643Z"}
{"url":"courses","page":"pCourse.js","components":["cCourses.jsx","cCoursesLeftNav.jsx"],"level":"info","message":"PCourses:getCoursesScreenNew()","timestamp":"2016-02-05T09:12:04.195Z"}
{"url":"/courses","level":"info","message":"request at /courses","timestamp":"2016-02-05T09:12:08.095Z"}
{"url":"courses","page":"pCourse.js","components":["cCourses.jsx","cCoursesLeftNav.jsx"],"level":"info","message":"PCourses:getCoursesScreenNew()","timestamp":"2016-02-05T09:12:08.105Z"}
{"url":"/courses","level":"info","message":"request at /courses","timestamp":"2016-02-05T09:12:09.145Z"}
{"url":"courses","page":"pCourse.js","components":["cCourses.jsx","cCoursesLeftNav.jsx"],"level":"info","message":"PCourses:getCoursesScreenNew()","timestamp":"2016-02-05T09:12:09.154Z"}
{"url":"/courses","level":"info","message":"request at /courses","timestamp":"2016-02-05T09:12:11.910Z"}
{"url":"courses","page":"pCourse.js","components":["cCourses.jsx","cCoursesLeftNav.jsx"],"level":"info","message":"PCourses:getCoursesScreenNew()","timestamp":"2016-02-05T09:12:11.940Z"}
{"url":"/courses","level":"info","message":"request at /courses","timestamp":"2016-02-05T09:12:14.115Z"}
{"url":"courses","page":"pCourse.js","components":["cCourses.jsx","cCoursesLeftNav.jsx"],"level":"info","message":"PCourses:getCoursesScreenNew()","timestamp":"2016-02-05T09:12:14.134Z"}
{"url":"/courses","level":"info","message":"request at /courses","timestamp":"2016-02-05T09:12:19.740Z"}
{"url":"courses","page":"pCourse.js","components":["cCourses.jsx","cCoursesLeftNav.jsx"],"level":"info","message":"PCourses:getCoursesScreenNew()","timestamp":"2016-02-05T09:12:19.754Z"}
{"url":"/courses","level":"info","message":"request at /courses","timestamp":"2016-03-07T12:50:52.118Z"}
{"url":"courses","page":"pCourse.js","components":["cCourses.jsx","cCoursesLeftNav.jsx"],"level":"info","message":"PCourses:getCoursesScreenNew()","timestamp":"2016-03-07T12:51:06.483Z"}
{"url":"/courses","level":"info","message":"request at /courses","timestamp":"2016-03-07T12:51:11.188Z"}
{"url":"courses","page":"pCourse.js","components":["cCourses.jsx","cCoursesLeftNav.jsx"],"level":"info","message":"PCourses:getCoursesScreenNew()","timestamp":"2016-03-07T12:51:11.190Z"}
{"url":"/courses","level":"info","message":"request at /courses","timestamp":"2016-03-07T14:12:50.049Z"}
{"url":"/courses","level":"info","message":"request at /courses","timestamp":"2016-03-07T14:14:07.352Z"}
{"url":"/courses","level":"info","message":"request at /courses","timestamp":"2016-03-07T14:14:45.421Z"}
{"url":"courses","page":"pCourse.js","components":["cCourses.jsx","cCoursesLeftNav.jsx"],"level":"info","message":"PCourses:getCoursesScreenNew()","timestamp":"2016-03-07T14:14:45.822Z"}
{"url":"/courses","level":"info","message":"request at /courses","timestamp":"2016-04-26T07:35:22.840Z"}
{"url":"/courses","level":"info","message":"request at /courses","timestamp":"2016-04-26T09:26:27.378Z"}
{"url":"/courses","level":"info","message":"request at /courses","timestamp":"2016-04-26T09:34:09.805Z"}
{"url":"/courses","level":"info","message":"request at /courses","timestamp":"2016-04-26T10:34:58.323Z"}
{"url":"/home","level":"info","message":"request at /home","timestamp":"2016-04-26T10:35:11.832Z"}
{"url":"/courses","level":"info","message":"request at /courses","timestamp":"2016-04-26T10:35:20.831Z"}
{"url":"/mobile","level":"info","message":"request at /mobile","timestamp":"2016-04-26T10:35:23.880Z"}
{"url":"/mobile","level":"info","message":"request at /mobile","timestamp":"2016-04-26T10:35:31.921Z"}
{"url":"/mobile","level":"info","message":"request at /mobile","timestamp":"2016-04-26T10:36:24.718Z"}
{"url":"/home","level":"info","message":"request at /home","timestamp":"2016-04-26T10:36:42.621Z"}
{"url":"/courses","level":"info","message":"request at /courses","timestamp":"2016-04-26T10:36:47.553Z"}
{"url":"/mobile","level":"info","message":"request at /mobile","timestamp":"2016-04-26T10:36:53.001Z"}
{"url":"/mobile","level":"info","message":"request at /mobile","timestamp":"2016-04-26T10:37:00.205Z"}
{"url":"/home","level":"info","message":"request at /home","timestamp":"2016-04-26T10:38:10.625Z"}
{"url":"/home","level":"info","message":"request at /home","timestamp":"2016-04-26T10:38:18.280Z"}
{"url":"/home","level":"info","message":"request at /home","timestamp":"2016-04-26T10:40:08.650Z"}
{"url":"/courses","level":"info","message":"request at /courses","timestamp":"2016-04-26T10:42:44.087Z"}
{"url":"/mobile","level":"info","message":"request at /mobile","timestamp":"2016-04-26T10:43:33.052Z"}
{"url":"/home","level":"info","message":"request at /home","timestamp":"2016-04-26T12:50:08.219Z"}
{"url":"/courses","level":"info","message":"request at /courses","timestamp":"2016-04-26T12:51:39.313Z"}
{"url":"/home","level":"info","message":"request at /home","timestamp":"2016-04-26T12:51:43.737Z"}
{"url":"/home","level":"info","message":"request at /home","timestamp":"2016-04-26T12:52:56.499Z"}
{"url":"/courses","level":"info","message":"request at /courses","timestamp":"2016-04-26T12:53:10.643Z"}
{"url":"/courses","level":"info","message":"request at /courses","timestamp":"2016-04-26T12:53:54.541Z"}
{"url":"/courses","level":"info","message":"request at /courses","timestamp":"2016-04-26T12:55:54.615Z"}
{"url":"/courses","level":"info","message":"request at /courses","timestamp":"2016-04-26T12:57:14.636Z"}
{"url":"/courses","level":"info","message":"request at /courses","timestamp":"2016-04-26T13:13:21.769Z"}
{"url":"/courses","level":"info","message":"request at /courses","timestamp":"2016-04-26T13:20:11.566Z"}
{"url":"/courses","level":"info","message":"request at /courses","timestamp":"2016-04-26T13:42:41.843Z"}
{"url":"/home","level":"info","message":"request at /home","timestamp":"2016-04-27T05:08:28.297Z"}
{"url":"/home","level":"info","message":"request at /home","timestamp":"2016-04-27T05:08:43.898Z"}
{"url":"/home","level":"info","message":"request at /home","timestamp":"2016-04-27T05:09:27.529Z"}
{"url":"/home","level":"info","message":"request at /home","timestamp":"2016-04-27T05:24:19.457Z"}
{"url":"/home","level":"info","message":"request at /home","timestamp":"2016-04-27T05:24:47.995Z"}
{"url":"/courses","level":"info","message":"request at /courses","timestamp":"2016-04-27T05:25:06.317Z"}
{"url":"/mobile","level":"info","message":"request at /mobile","timestamp":"2016-04-27T05:28:13.198Z"}
{"url":"/home","level":"info","message":"request at /home","timestamp":"2016-04-27T05:30:28.832Z"}
{"url":"/home","level":"info","message":"request at /home","timestamp":"2016-04-27T05:30:32.529Z"}
{"url":"/mobile","level":"info","message":"request at /mobile","timestamp":"2016-04-27T05:30:41.251Z"}
{"url":"/mobile","level":"info","message":"request at /mobile","timestamp":"2016-04-27T05:31:25.978Z"}
{"url":"/mobile","level":"info","message":"request at /mobile","timestamp":"2016-04-27T05:32:27.594Z"}
{"url":"/mobile","level":"info","message":"request at /mobile","timestamp":"2016-04-27T05:32:53.704Z"}
{"url":"/mobile","level":"info","message":"request at /mobile","timestamp":"2016-04-27T05:33:37.544Z"}
{"url":"/mobile","level":"info","message":"request at /mobile","timestamp":"2016-04-27T05:34:33.110Z"}
{"url":"/mobile","level":"info","message":"request at /mobile","timestamp":"2016-04-27T07:32:11.791Z"}
{"url":"/mobile","level":"info","message":"request at /mobile","timestamp":"2016-04-27T07:34:04.541Z"}
{"url":"/mobile","level":"info","message":"request at /mobile","timestamp":"2016-04-27T07:34:52.142Z"}
{"url":"/mobile","level":"info","message":"request at /mobile","timestamp":"2016-04-27T07:35:19.204Z"}
{"url":"/home","level":"info","message":"request at /home","timestamp":"2016-04-27T11:56:23.512Z"}
{"url":"/courses","level":"info","message":"request at /courses","timestamp":"2016-04-27T11:56:31.299Z"}
{"url":"/courses","level":"info","message":"request at /courses","timestamp":"2016-04-27T11:58:28.481Z"}
{"url":"/mobile","level":"info","message":"request at /mobile","timestamp":"2016-04-27T11:58:43.018Z"}
{"url":"/home","level":"info","message":"request at /home","timestamp":"2016-04-27T11:58:52.304Z"}
{"url":"/home","level":"info","message":"request at /home","timestamp":"2016-04-27T12:07:43.140Z"}
{"url":"/home","level":"info","message":"request at /home","timestamp":"2016-04-27T12:07:55.273Z"}
{"url":"/courses","level":"info","message":"request at /courses","timestamp":"2016-04-27T12:08:04.503Z"}
{"url":"/courses","level":"info","message":"request at /courses","timestamp":"2016-04-27T12:08:25.677Z"}
{"url":"/mobile","level":"info","message":"request at /mobile","timestamp":"2016-04-27T12:08:35.266Z"}
{"url":"/home","level":"info","message":"request at /home","timestamp":"2016-04-27T12:08:49.047Z"}
{"url":"/home","level":"info","message":"request at /home","timestamp":"2016-04-27T13:24:19.904Z"}
